Start testing: Apr 29 22:54 -03
----------------------------------------------------------
1/1 Testing: RunTests
1/1 Test: RunTests
Command: "/home/guiguinhas/Documentos/Projeto1_tp2/build/runTests"
Directory: /home/guiguinhas/Documentos/Projeto1_tp2/build
"RunTests" start time: Apr 29 22:54 -03
Output:
----------------------------------------------------------
Running main() from ./googletest/src/gtest_main.cc
[==========] Running 1 test from 1 test suite.
[----------] Global test environment set-up.
[----------] 1 test from romanosTest
[ RUN      ] romanosTest.caso1
[       OK ] romanosTest.caso1 (0 ms)
[----------] 1 test from romanosTest (0 ms total)

[----------] Global test environment tear-down
[==========] 1 test from 1 test suite ran. (0 ms total)
[  PASSED  ] 1 test.
<end of output>
Test time =   0.00 sec
----------------------------------------------------------
Test Passed.
"RunTests" end time: Apr 29 22:54 -03
"RunTests" time elapsed: 00:00:00
----------------------------------------------------------

End testing: Apr 29 22:54 -03
